<?xml version="1.0" encoding="UTF-8"?>
<coverage generated="1542042959744" clover="3.2.0">
  <project timestamp="1542042959744" name="All files">
    <metrics statements="147" coveredstatements="106" conditionals="45" coveredconditionals="26" methods="61" coveredmethods="38" elements="253" coveredelements="170" complexity="0" loc="147" ncloc="147" packages="8" files="18" classes="18">
      <package name="src">
        <metrics statements="13" coveredstatements="1" conditionals="2" coveredconditionals="0" methods="1" coveredmethods="0"/>
        <file name="index.js" path="C:\Users\parshanapally\Desktop\projects\Reddit-Humor-v2\src\index.js">
          <metrics statements="12" coveredstatements="0" conditionals="2" coveredconditionals="0" methods="1" coveredmethods="0"/>
          <line num="1" count="0" type="stmt"/>
          <line num="2" count="0" type="stmt"/>
          <line num="3" count="0" type="stmt"/>
          <line num="4" count="0" type="stmt"/>
          <line num="5" count="0" type="stmt"/>
          <line num="6" count="0" type="stmt"/>
          <line num="7" count="0" type="stmt"/>
          <line num="8" count="0" type="stmt"/>
          <line num="9" count="0" type="stmt"/>
          <line num="11" count="0" type="stmt"/>
          <line num="15" count="0" type="cond" truecount="0" falsecount="2"/>
          <line num="20" count="0" type="stmt"/>
        </file>
        <file name="setupTests.js" path="C:\Users\parshanapally\Desktop\projects\Reddit-Humor-v2\src\setupTests.js">
          <metrics statements="1" coveredstatements="1" conditionals="0" coveredconditionals="0" methods="0" coveredmethods="0"/>
          <line num="4" count="12" type="stmt"/>
        </file>
      </package>
      <package name="src.actions">
        <metrics statements="14" coveredstatements="14" conditionals="0" coveredconditionals="0" methods="6" coveredmethods="6"/>
        <file name="actions-list.js" path="C:\Users\parshanapally\Desktop\projects\Reddit-Humor-v2\src\actions\actions-list.js">
          <metrics statements="4" coveredstatements="4" conditionals="0" coveredconditionals="0" methods="0" coveredmethods="0"/>
          <line num="1" count="7" type="stmt"/>
          <line num="2" count="7" type="stmt"/>
          <line num="3" count="7" type="stmt"/>
          <line num="4" count="7" type="stmt"/>
        </file>
        <file name="humor.js" path="C:\Users\parshanapally\Desktop\projects\Reddit-Humor-v2\src\actions\humor.js">
          <metrics statements="10" coveredstatements="10" conditionals="0" coveredconditionals="0" methods="6" coveredmethods="6"/>
          <line num="5" count="6" type="stmt"/>
          <line num="7" count="1" type="stmt"/>
          <line num="8" count="1" type="stmt"/>
          <line num="9" count="1" type="stmt"/>
          <line num="10" count="1" type="stmt"/>
          <line num="11" count="1" type="stmt"/>
          <line num="15" count="6" type="stmt"/>
          <line num="16" count="6" type="stmt"/>
          <line num="17" count="6" type="stmt"/>
          <line num="18" count="6" type="stmt"/>
        </file>
      </package>
      <package name="src.components.App">
        <metrics statements="1" coveredstatements="1" conditionals="0" coveredconditionals="0" methods="1" coveredmethods="1"/>
        <file name="App.js" path="C:\Users\parshanapally\Desktop\projects\Reddit-Humor-v2\src\components\App\App.js">
          <metrics statements="1" coveredstatements="1" conditionals="0" coveredconditionals="0" methods="1" coveredmethods="1"/>
          <line num="9" count="2" type="stmt"/>
        </file>
      </package>
      <package name="src.components.Buttons">
        <metrics statements="20" coveredstatements="10" conditionals="8" coveredconditionals="3" methods="17" coveredmethods="3"/>
        <file name="buttons.js" path="C:\Users\parshanapally\Desktop\projects\Reddit-Humor-v2\src\components\Buttons\buttons.js">
          <metrics statements="12" coveredstatements="8" conditionals="8" coveredconditionals="3" methods="11" coveredmethods="3"/>
          <line num="7" count="4" type="stmt"/>
          <line num="8" count="6" type="cond" truecount="2" falsecount="0"/>
          <line num="10" count="6" type="stmt"/>
          <line num="17" count="0" type="stmt"/>
          <line num="23" count="1" type="stmt"/>
          <line num="24" count="1" type="stmt"/>
          <line num="32" count="0" type="stmt"/>
          <line num="40" count="0" type="stmt"/>
          <line num="46" count="1" type="stmt"/>
          <line num="53" count="4" type="stmt"/>
          <line num="58" count="0" type="stmt"/>
          <line num="61" count="4" type="stmt"/>
        </file>
        <file name="connectedButtons.js" path="C:\Users\parshanapally\Desktop\projects\Reddit-Humor-v2\src\components\Buttons\connectedButtons.js">
          <metrics statements="8" coveredstatements="2" conditionals="0" coveredconditionals="0" methods="6" coveredmethods="0"/>
          <line num="6" count="3" type="stmt"/>
          <line num="7" count="0" type="stmt"/>
          <line num="8" count="0" type="stmt"/>
          <line num="9" count="0" type="stmt"/>
          <line num="10" count="0" type="stmt"/>
          <line num="11" count="0" type="stmt"/>
          <line num="15" count="3" type="stmt"/>
          <line num="16" count="0" type="stmt"/>
        </file>
      </package>
      <package name="src.components.Display">
        <metrics statements="16" coveredstatements="8" conditionals="4" coveredconditionals="0" methods="8" coveredmethods="5"/>
        <file name="connectedDisplay.js" path="C:\Users\parshanapally\Desktop\projects\Reddit-Humor-v2\src\components\Display\connectedDisplay.js">
          <metrics statements="1" coveredstatements="1" conditionals="0" coveredconditionals="0" methods="1" coveredmethods="1"/>
          <line num="5" count="2" type="stmt"/>
        </file>
        <file name="display.js" path="C:\Users\parshanapally\Desktop\projects\Reddit-Humor-v2\src\components\Display\display.js">
          <metrics statements="15" coveredstatements="7" conditionals="4" coveredconditionals="0" methods="7" coveredmethods="4"/>
          <line num="11" count="7" type="stmt"/>
          <line num="15" count="0" type="cond" truecount="0" falsecount="2"/>
          <line num="16" count="0" type="stmt"/>
          <line num="20" count="7" type="stmt"/>
          <line num="30" count="7" type="stmt"/>
          <line num="32" count="7" type="stmt"/>
          <line num="33" count="1" type="stmt"/>
          <line num="40" count="0" type="stmt"/>
          <line num="41" count="0" type="stmt"/>
          <line num="42" count="0" type="cond" truecount="0" falsecount="2"/>
          <line num="44" count="0" type="stmt"/>
          <line num="45" count="0" type="stmt"/>
          <line num="46" count="0" type="stmt"/>
          <line num="53" count="3" type="stmt"/>
          <line num="58" count="3" type="stmt"/>
        </file>
      </package>
      <package name="src.components.DisplayImage">
        <metrics statements="12" coveredstatements="11" conditionals="4" coveredconditionals="4" methods="6" coveredmethods="4"/>
        <file name="connectedDisplayImage.js" path="C:\Users\parshanapally\Desktop\projects\Reddit-Humor-v2\src\components\DisplayImage\connectedDisplayImage.js">
          <metrics statements="5" coveredstatements="4" conditionals="0" coveredconditionals="0" methods="3" coveredmethods="2"/>
          <line num="5" count="4" type="stmt"/>
          <line num="6" count="3" type="stmt"/>
          <line num="13" count="4" type="stmt"/>
          <line num="14" count="3" type="stmt"/>
          <line num="15" count="0" type="stmt"/>
        </file>
        <file name="displayImage.js" path="C:\Users\parshanapally\Desktop\projects\Reddit-Humor-v2\src\components\DisplayImage\displayImage.js">
          <metrics statements="7" coveredstatements="7" conditionals="4" coveredconditionals="4" methods="3" coveredmethods="2"/>
          <line num="4" count="5" type="stmt"/>
          <line num="5" count="2" type="stmt"/>
          <line num="6" count="2" type="cond" truecount="2" falsecount="0"/>
          <line num="9" count="5" type="stmt"/>
          <line num="10" count="2" type="stmt"/>
          <line num="22" count="5" type="stmt"/>
          <line num="31" count="5" type="stmt"/>
        </file>
      </package>
      <package name="src.reducers">
        <metrics statements="23" coveredstatements="21" conditionals="4" coveredconditionals="3" methods="7" coveredmethods="6"/>
        <file name="humor.js" path="C:\Users\parshanapally\Desktop\projects\Reddit-Humor-v2\src\reducers\humor.js">
          <metrics statements="21" coveredstatements="21" conditionals="4" coveredconditionals="3" methods="7" coveredmethods="6"/>
          <line num="3" count="2" type="stmt"/>
          <line num="13" count="2" type="cond" truecount="0" falsecount="1"/>
          <line num="15" count="2" type="stmt"/>
          <line num="16" count="2" type="stmt"/>
          <line num="18" count="6" type="stmt"/>
          <line num="20" count="2" type="stmt"/>
          <line num="22" count="2" type="stmt"/>
          <line num="26" count="2" type="stmt"/>
          <line num="28" count="2" type="stmt"/>
          <line num="30" count="1" type="stmt"/>
          <line num="31" count="1" type="stmt"/>
          <line num="33" count="1" type="stmt"/>
          <line num="36" count="2" type="stmt"/>
          <line num="37" count="1" type="stmt"/>
          <line num="38" count="1" type="stmt"/>
          <line num="39" count="1" type="stmt"/>
          <line num="40" count="1" type="stmt"/>
          <line num="43" count="2" type="cond" truecount="1" falsecount="0"/>
          <line num="45" count="7" type="stmt"/>
          <line num="54" count="7" type="stmt"/>
          <line num="55" count="7" type="cond" truecount="2" falsecount="0"/>
        </file>
        <file name="index.js" path="C:\Users\parshanapally\Desktop\projects\Reddit-Humor-v2\src\reducers\index.js">
          <metrics statements="2" coveredstatements="0" conditionals="0" coveredconditionals="0" methods="0" coveredmethods="0"/>
          <line num="1" count="0" type="stmt"/>
          <line num="2" count="0" type="stmt"/>
        </file>
      </package>
      <package name="src.utils">
        <metrics statements="48" coveredstatements="40" conditionals="23" coveredconditionals="16" methods="15" coveredmethods="13"/>
        <file name="fetchProgrammerHumor.js" path="C:\Users\parshanapally\Desktop\projects\Reddit-Humor-v2\src\utils\fetchProgrammerHumor.js">
          <metrics statements="7" coveredstatements="7" conditionals="0" coveredconditionals="0" methods="1" coveredmethods="1"/>
          <line num="3" count="7" type="stmt"/>
          <line num="5" count="7" type="stmt"/>
          <line num="7" count="4" type="stmt"/>
          <line num="9" count="4" type="stmt"/>
          <line num="10" count="3" type="stmt"/>
          <line num="12" count="3" type="stmt"/>
          <line num="16" count="1" type="stmt"/>
        </file>
        <file name="getNextIndex.js" path="C:\Users\parshanapally\Desktop\projects\Reddit-Humor-v2\src\utils\getNextIndex.js">
          <metrics statements="4" coveredstatements="1" conditionals="4" coveredconditionals="0" methods="1" coveredmethods="0"/>
          <line num="1" count="3" type="stmt"/>
          <line num="2" count="0" type="stmt"/>
          <line num="3" count="0" type="cond" truecount="0" falsecount="2"/>
          <line num="5" count="0" type="cond" truecount="0" falsecount="2"/>
        </file>
        <file name="gifDuration.js" path="C:\Users\parshanapally\Desktop\projects\Reddit-Humor-v2\src\utils\gifDuration.js">
          <metrics statements="4" coveredstatements="0" conditionals="0" coveredconditionals="0" methods="1" coveredmethods="0"/>
          <line num="4" count="0" type="stmt"/>
          <line num="5" count="0" type="stmt"/>
          <line num="6" count="0" type="stmt"/>
          <line num="7" count="0" type="stmt"/>
        </file>
        <file name="parseUtils.js" path="C:\Users\parshanapally\Desktop\projects\Reddit-Humor-v2\src\utils\parseUtils.js">
          <metrics statements="26" coveredstatements="26" conditionals="15" coveredconditionals="15" methods="11" coveredmethods="11"/>
          <line num="2" count="7" type="stmt"/>
          <line num="4" count="7" type="stmt"/>
          <line num="6" count="182" type="stmt"/>
          <line num="7" count="182" type="cond" truecount="4" falsecount="0"/>
          <line num="8" count="182" type="stmt"/>
          <line num="12" count="177" type="cond" truecount="2" falsecount="0"/>
          <line num="13" count="184" type="cond" truecount="2" falsecount="0"/>
          <line num="14" count="55" type="stmt"/>
          <line num="15" count="55" type="stmt"/>
          <line num="16" count="112" type="cond" truecount="5" falsecount="0"/>
          <line num="17" count="7" type="stmt"/>
          <line num="18" count="56" type="cond" truecount="2" falsecount="0"/>
          <line num="23" count="51" type="stmt"/>
          <line num="25" count="7" type="stmt"/>
          <line num="26" count="3" type="stmt"/>
          <line num="27" count="3" type="stmt"/>
          <line num="28" count="3" type="stmt"/>
          <line num="29" count="3" type="stmt"/>
          <line num="31" count="3" type="stmt"/>
          <line num="33" count="51" type="stmt"/>
          <line num="34" count="51" type="stmt"/>
          <line num="36" count="51" type="stmt"/>
          <line num="37" count="51" type="stmt"/>
          <line num="38" count="51" type="stmt"/>
          <line num="39" count="51" type="stmt"/>
          <line num="43" count="3" type="stmt"/>
        </file>
        <file name="postToSlack.js" path="C:\Users\parshanapally\Desktop\projects\Reddit-Humor-v2\src\utils\postToSlack.js">
          <metrics statements="7" coveredstatements="6" conditionals="4" coveredconditionals="1" methods="1" coveredmethods="1"/>
          <line num="2" count="5" type="stmt"/>
          <line num="4" count="5" type="stmt"/>
          <line num="11" count="3" type="stmt"/>
          <line num="23" count="3" type="cond" truecount="1" falsecount="1"/>
          <line num="24" count="0" type="stmt"/>
          <line num="26" count="3" type="stmt"/>
          <line num="27" count="3" type="stmt"/>
        </file>
      </package>
    </metrics>
  </project>
</coverage>
