{"C:\\Users\\parshanapally\\Desktop\\projects\\Reddit-Humor-v2\\src\\index.js": {"path":"C:\\Users\\parshanapally\\Desktop\\projects\\Reddit-Humor-v2\\src\\index.js","statementMap":{"0":{"start":{"line":1,"column":0},"end":{"line":null,"column":-1}},"1":{"start":{"line":2,"column":0},"end":{"line":null,"column":-1}},"2":{"start":{"line":3,"column":0},"end":{"line":null,"column":-1}},"3":{"start":{"line":4,"column":0},"end":{"line":null,"column":-1}},"4":{"start":{"line":5,"column":0},"end":{"line":null,"column":-1}},"5":{"start":{"line":6,"column":0},"end":{"line":null,"column":-1}},"6":{"start":{"line":7,"column":0},"end":{"line":null,"column":-1}},"7":{"start":{"line":8,"column":0},"end":{"line":null,"column":-1}},"8":{"start":{"line":9,"column":0},"end":{"line":null,"column":-1}},"9":{"start":{"line":11,"column":14},"end":{"line":11,"column":0}},"10":{"start":{"line":15,"column":87},"end":{"line":13,"column":2}},"11":{"start":{"line":20,"column":0},"end":{"line":null,"column":-1}}},"fnMap":{"0":{"name":"(anonymous_0)","decl":{"start":{"line":15,"column":82},"end":{"line":15,"column":83}},"loc":{"start":{"line":15,"column":87},"end":{"line":13,"column":2}}}},"branchMap":{"0":{"loc":{"start":{"line":15,"column":42},"end":{"line":15,"column":4}},"type":"cond-expr","locations":[{"start":{"line":15,"column":42},"end":{"line":15,"column":4}},{"start":{"line":15,"column":82},"end":{"line":13,"column":2}}]}},"s":{"0":0,"1":0,"2":0,"3":0,"4":0,"5":0,"6":0,"7":0,"8":0,"9":0,"10":0,"11":0},"f":{"0":0},"b":{"0":[0,0]}}
,"C:\\Users\\parshanapally\\Desktop\\projects\\Reddit-Humor-v2\\src\\setupTests.js": {"path":"C:\\Users\\parshanapally\\Desktop\\projects\\Reddit-Humor-v2\\src\\setupTests.js","statementMap":{"0":{"start":{"line":4,"column":0},"end":{"line":4,"column":45}}},"fnMap":{},"branchMap":{},"s":{"0":12},"f":{},"b":{},"_coverageSchema":"332fd63041d2c1bcb487cc26dd0d5f7d97098a6c","hash":"b7341e84ff2b350e3f0f56df9885e9a5b275ff1e"}
,"C:\\Users\\parshanapally\\Desktop\\projects\\Reddit-Humor-v2\\src\\actions\\actions-list.js": {"path":"C:\\Users\\parshanapally\\Desktop\\projects\\Reddit-Humor-v2\\src\\actions\\actions-list.js","statementMap":{"0":{"start":{"line":1,"column":26},"end":{"line":1,"column":38}},"1":{"start":{"line":2,"column":33},"end":{"line":2,"column":52}},"2":{"start":{"line":3,"column":30},"end":{"line":3,"column":46}},"3":{"start":{"line":4,"column":24},"end":{"line":4,"column":34}}},"fnMap":{},"branchMap":{},"s":{"0":7,"1":7,"2":7,"3":7},"f":{},"b":{},"_coverageSchema":"332fd63041d2c1bcb487cc26dd0d5f7d97098a6c","hash":"bee6f95eaa2f4c4fafdc0e2fd75c434791e80434"}
,"C:\\Users\\parshanapally\\Desktop\\projects\\Reddit-Humor-v2\\src\\actions\\humor.js": {"path":"C:\\Users\\parshanapally\\Desktop\\projects\\Reddit-Humor-v2\\src\\actions\\humor.js","statementMap":{"0":{"start":{"line":5,"column":24},"end":{"line":13,"column":1}},"1":{"start":{"line":5,"column":30},"end":{"line":13,"column":1}},"2":{"start":{"line":7,"column":21},"end":{"line":7,"column":49}},"3":{"start":{"line":8,"column":18},"end":{"line":8,"column":36}},"4":{"start":{"line":9,"column":21},"end":{"line":9,"column":43}},"5":{"start":{"line":10,"column":19},"end":{"line":10,"column":38}},"6":{"start":{"line":11,"column":4},"end":{"line":11,"column":20}},"7":{"start":{"line":15,"column":25},"end":{"line":15,"column":75}},"8":{"start":{"line":15,"column":40},"end":{"line":15,"column":74}},"9":{"start":{"line":16,"column":31},"end":{"line":16,"column":74}},"10":{"start":{"line":16,"column":39},"end":{"line":16,"column":73}},"11":{"start":{"line":17,"column":29},"end":{"line":17,"column":71}},"12":{"start":{"line":17,"column":38},"end":{"line":17,"column":70}},"13":{"start":{"line":18,"column":23},"end":{"line":18,"column":59}},"14":{"start":{"line":18,"column":32},"end":{"line":18,"column":58}}},"fnMap":{"0":{"name":"(anonymous_0)","decl":{"start":{"line":5,"column":24},"end":{"line":5,"column":25}},"loc":{"start":{"line":5,"column":30},"end":{"line":13,"column":1}},"line":5},"1":{"name":"(anonymous_1)","decl":{"start":{"line":5,"column":30},"end":{"line":5,"column":31}},"loc":{"start":{"line":5,"column":50},"end":{"line":13,"column":1}},"line":5},"2":{"name":"(anonymous_2)","decl":{"start":{"line":15,"column":25},"end":{"line":15,"column":26}},"loc":{"start":{"line":15,"column":40},"end":{"line":15,"column":74}},"line":15},"3":{"name":"(anonymous_3)","decl":{"start":{"line":16,"column":31},"end":{"line":16,"column":32}},"loc":{"start":{"line":16,"column":39},"end":{"line":16,"column":73}},"line":16},"4":{"name":"(anonymous_4)","decl":{"start":{"line":17,"column":29},"end":{"line":17,"column":30}},"loc":{"start":{"line":17,"column":38},"end":{"line":17,"column":70}},"line":17},"5":{"name":"(anonymous_5)","decl":{"start":{"line":18,"column":23},"end":{"line":18,"column":24}},"loc":{"start":{"line":18,"column":32},"end":{"line":18,"column":58}},"line":18}},"branchMap":{},"s":{"0":6,"1":1,"2":1,"3":1,"4":1,"5":1,"6":1,"7":6,"8":5,"9":6,"10":2,"11":6,"12":2,"13":6,"14":2},"f":{"0":1,"1":1,"2":5,"3":2,"4":2,"5":2},"b":{},"_coverageSchema":"332fd63041d2c1bcb487cc26dd0d5f7d97098a6c","hash":"d505785fb832b21152b50ca584f1c3ccd49bcdcb"}
,"C:\\Users\\parshanapally\\Desktop\\projects\\Reddit-Humor-v2\\src\\components\\App\\App.js": {"path":"C:\\Users\\parshanapally\\Desktop\\projects\\Reddit-Humor-v2\\src\\components\\App\\App.js","statementMap":{"0":{"start":{"line":9,"column":3},"end":{"line":13,"column":5}}},"fnMap":{"0":{"name":"(anonymous_0)","decl":{"start":{"line":8,"column":1},"end":{"line":8,"column":2}},"loc":{"start":{"line":8,"column":10},"end":{"line":14,"column":2}},"line":8}},"branchMap":{},"s":{"0":2},"f":{"0":2},"b":{},"_coverageSchema":"332fd63041d2c1bcb487cc26dd0d5f7d97098a6c","hash":"c3ab0ef9c9a9d3a2601f3364219b7a91bb679043"}
,"C:\\Users\\parshanapally\\Desktop\\projects\\Reddit-Humor-v2\\src\\components\\Buttons\\buttons.js": {"path":"C:\\Users\\parshanapally\\Desktop\\projects\\Reddit-Humor-v2\\src\\components\\Buttons\\buttons.js","statementMap":{"0":{"start":{"line":7,"column":16},"end":{"line":51,"column":1}},"1":{"start":{"line":8,"column":13},"end":{"line":8,"column":42}},"2":{"start":{"line":10,"column":2},"end":{"line":50,"column":4}},"3":{"start":{"line":17,"column":23},"end":{"line":17,"column":49}},"4":{"start":{"line":23,"column":10},"end":{"line":23,"column":37}},"5":{"start":{"line":24,"column":10},"end":{"line":26,"column":12}},"6":{"start":{"line":32,"column":10},"end":{"line":34,"column":11}},"7":{"start":{"line":40,"column":10},"end":{"line":42,"column":11}},"8":{"start":{"line":46,"column":23},"end":{"line":46,"column":47}},"9":{"start":{"line":53,"column":0},"end":{"line":59,"column":2}},"10":{"start":{"line":58,"column":17},"end":{"line":58,"column":59}},"11":{"start":{"line":61,"column":0},"end":{"line":67,"column":2}}},"fnMap":{"0":{"name":"(anonymous_0)","decl":{"start":{"line":7,"column":16},"end":{"line":7,"column":17}},"loc":{"start":{"line":7,"column":25},"end":{"line":51,"column":1}},"line":7},"1":{"name":"(anonymous_1)","decl":{"start":{"line":17,"column":17},"end":{"line":17,"column":18}},"loc":{"start":{"line":17,"column":23},"end":{"line":17,"column":49}},"line":17},"2":{"name":"(anonymous_2)","decl":{"start":{"line":22,"column":17},"end":{"line":22,"column":18}},"loc":{"start":{"line":22,"column":23},"end":{"line":27,"column":9}},"line":22},"3":{"name":"(anonymous_3)","decl":{"start":{"line":31,"column":17},"end":{"line":31,"column":18}},"loc":{"start":{"line":32,"column":10},"end":{"line":34,"column":11}},"line":32},"4":{"name":"(anonymous_4)","decl":{"start":{"line":39,"column":17},"end":{"line":39,"column":18}},"loc":{"start":{"line":40,"column":10},"end":{"line":42,"column":11}},"line":40},"5":{"name":"(anonymous_5)","decl":{"start":{"line":46,"column":17},"end":{"line":46,"column":18}},"loc":{"start":{"line":46,"column":23},"end":{"line":46,"column":47}},"line":46},"6":{"name":"(anonymous_6)","decl":{"start":{"line":54,"column":8},"end":{"line":54,"column":9}},"loc":{"start":{"line":54,"column":14},"end":{"line":54,"column":16}},"line":54},"7":{"name":"(anonymous_7)","decl":{"start":{"line":55,"column":12},"end":{"line":55,"column":13}},"loc":{"start":{"line":55,"column":18},"end":{"line":55,"column":20}},"line":55},"8":{"name":"(anonymous_8)","decl":{"start":{"line":56,"column":8},"end":{"line":56,"column":9}},"loc":{"start":{"line":56,"column":14},"end":{"line":56,"column":16}},"line":56},"9":{"name":"(anonymous_9)","decl":{"start":{"line":57,"column":8},"end":{"line":57,"column":9}},"loc":{"start":{"line":57,"column":14},"end":{"line":57,"column":16}},"line":57},"10":{"name":"(anonymous_10)","decl":{"start":{"line":58,"column":9},"end":{"line":58,"column":10}},"loc":{"start":{"line":58,"column":17},"end":{"line":58,"column":59}},"line":58}},"branchMap":{"0":{"loc":{"start":{"line":8,"column":13},"end":{"line":8,"column":42}},"type":"binary-expr","locations":[{"start":{"line":8,"column":13},"end":{"line":8,"column":24}},{"start":{"line":8,"column":28},"end":{"line":8,"column":42}}],"line":8},"1":{"loc":{"start":{"line":25,"column":12},"end":{"line":25,"column":77}},"type":"cond-expr","locations":[{"start":{"line":25,"column":56},"end":{"line":25,"column":57}},{"start":{"line":25,"column":60},"end":{"line":25,"column":77}}],"line":25},"2":{"loc":{"start":{"line":33,"column":12},"end":{"line":33,"column":77}},"type":"cond-expr","locations":[{"start":{"line":33,"column":34},"end":{"line":33,"column":57}},{"start":{"line":33,"column":60},"end":{"line":33,"column":77}}],"line":33},"3":{"loc":{"start":{"line":41,"column":12},"end":{"line":41,"column":77}},"type":"cond-expr","locations":[{"start":{"line":41,"column":56},"end":{"line":41,"column":57}},{"start":{"line":41,"column":60},"end":{"line":41,"column":77}}],"line":41}},"s":{"0":4,"1":6,"2":6,"3":0,"4":1,"5":1,"6":0,"7":0,"8":1,"9":4,"10":0,"11":4},"f":{"0":6,"1":0,"2":1,"3":0,"4":0,"5":1,"6":0,"7":0,"8":0,"9":0,"10":0},"b":{"0":[6,6],"1":[0,1],"2":[0,0],"3":[0,0]},"_coverageSchema":"332fd63041d2c1bcb487cc26dd0d5f7d97098a6c","hash":"1d917cec7a4ee502ca30ed172b8d803ced30935f"}
,"C:\\Users\\parshanapally\\Desktop\\projects\\Reddit-Humor-v2\\src\\components\\Buttons\\connectedButtons.js": {"path":"C:\\Users\\parshanapally\\Desktop\\projects\\Reddit-Humor-v2\\src\\components\\Buttons\\connectedButtons.js","statementMap":{"0":{"start":{"line":6,"column":27},"end":{"line":13,"column":1}},"1":{"start":{"line":7,"column":2},"end":{"line":12,"column":4}},"2":{"start":{"line":8,"column":20},"end":{"line":8,"column":49}},"3":{"start":{"line":9,"column":16},"end":{"line":9,"column":45}},"4":{"start":{"line":10,"column":16},"end":{"line":10,"column":37}},"5":{"start":{"line":11,"column":16},"end":{"line":11,"column":43}},"6":{"start":{"line":15,"column":24},"end":{"line":22,"column":1}},"7":{"start":{"line":16,"column":2},"end":{"line":21,"column":4}}},"fnMap":{"0":{"name":"(anonymous_0)","decl":{"start":{"line":6,"column":27},"end":{"line":6,"column":28}},"loc":{"start":{"line":6,"column":39},"end":{"line":13,"column":1}},"line":6},"1":{"name":"(anonymous_1)","decl":{"start":{"line":8,"column":14},"end":{"line":8,"column":15}},"loc":{"start":{"line":8,"column":20},"end":{"line":8,"column":49}},"line":8},"2":{"name":"(anonymous_2)","decl":{"start":{"line":9,"column":10},"end":{"line":9,"column":11}},"loc":{"start":{"line":9,"column":16},"end":{"line":9,"column":45}},"line":9},"3":{"name":"(anonymous_3)","decl":{"start":{"line":10,"column":10},"end":{"line":10,"column":11}},"loc":{"start":{"line":10,"column":16},"end":{"line":10,"column":37}},"line":10},"4":{"name":"(anonymous_4)","decl":{"start":{"line":11,"column":10},"end":{"line":11,"column":11}},"loc":{"start":{"line":11,"column":16},"end":{"line":11,"column":43}},"line":11},"5":{"name":"(anonymous_5)","decl":{"start":{"line":15,"column":24},"end":{"line":15,"column":25}},"loc":{"start":{"line":15,"column":39},"end":{"line":22,"column":1}},"line":15}},"branchMap":{},"s":{"0":3,"1":0,"2":0,"3":0,"4":0,"5":0,"6":3,"7":0},"f":{"0":0,"1":0,"2":0,"3":0,"4":0,"5":0},"b":{},"_coverageSchema":"332fd63041d2c1bcb487cc26dd0d5f7d97098a6c","hash":"5b68cc43330bd7b3f37673a417f069e14ee2a90c"}
,"C:\\Users\\parshanapally\\Desktop\\projects\\Reddit-Humor-v2\\src\\components\\Display\\connectedDisplay.js": {"path":"C:\\Users\\parshanapally\\Desktop\\projects\\Reddit-Humor-v2\\src\\components\\Display\\connectedDisplay.js","statementMap":{"0":{"start":{"line":5,"column":24},"end":{"line":5,"column":85}},"1":{"start":{"line":5,"column":38},"end":{"line":5,"column":84}}},"fnMap":{"0":{"name":"(anonymous_0)","decl":{"start":{"line":5,"column":24},"end":{"line":5,"column":25}},"loc":{"start":{"line":5,"column":38},"end":{"line":5,"column":84}},"line":5}},"branchMap":{},"s":{"0":2,"1":1},"f":{"0":1},"b":{},"_coverageSchema":"332fd63041d2c1bcb487cc26dd0d5f7d97098a6c","hash":"4388b08126281cd20e89130bbb17172c8a94ee0b"}
,"C:\\Users\\parshanapally\\Desktop\\projects\\Reddit-Humor-v2\\src\\components\\Display\\display.js": {"path":"C:\\Users\\parshanapally\\Desktop\\projects\\Reddit-Humor-v2\\src\\components\\Display\\display.js","statementMap":{"0":{"start":{"line":11,"column":8},"end":{"line":11,"column":41}},"1":{"start":{"line":15,"column":8},"end":{"line":15,"column":69}},"2":{"start":{"line":16,"column":8},"end":{"line":16,"column":59}},"3":{"start":{"line":20,"column":8},"end":{"line":25,"column":9}},"4":{"start":{"line":30,"column":8},"end":{"line":30,"column":35}},"5":{"start":{"line":32,"column":8},"end":{"line":35,"column":14}},"6":{"start":{"line":33,"column":12},"end":{"line":33,"column":33}},"7":{"start":{"line":40,"column":68},"end":{"line":40,"column":78}},"8":{"start":{"line":41,"column":22},"end":{"line":41,"column":37}},"9":{"start":{"line":42,"column":21},"end":{"line":42,"column":73}},"10":{"start":{"line":44,"column":8},"end":{"line":48,"column":16}},"11":{"start":{"line":45,"column":30},"end":{"line":45,"column":59}},"12":{"start":{"line":46,"column":12},"end":{"line":46,"column":38}},"13":{"start":{"line":53,"column":0},"end":{"line":56,"column":1}},"14":{"start":{"line":58,"column":0},"end":{"line":66,"column":1}}},"fnMap":{"0":{"name":"(anonymous_0)","decl":{"start":{"line":10,"column":4},"end":{"line":10,"column":5}},"loc":{"start":{"line":10,"column":30},"end":{"line":12,"column":5}},"line":10},"1":{"name":"(anonymous_1)","decl":{"start":{"line":14,"column":4},"end":{"line":14,"column":5}},"loc":{"start":{"line":14,"column":31},"end":{"line":17,"column":5}},"line":14},"2":{"name":"(anonymous_2)","decl":{"start":{"line":19,"column":4},"end":{"line":19,"column":5}},"loc":{"start":{"line":19,"column":13},"end":{"line":26,"column":5}},"line":19},"3":{"name":"(anonymous_3)","decl":{"start":{"line":28,"column":20},"end":{"line":28,"column":21}},"loc":{"start":{"line":28,"column":34},"end":{"line":37,"column":5}},"line":28},"4":{"name":"(anonymous_4)","decl":{"start":{"line":32,"column":27},"end":{"line":32,"column":28}},"loc":{"start":{"line":32,"column":33},"end":{"line":35,"column":9}},"line":32},"5":{"name":"(anonymous_5)","decl":{"start":{"line":39,"column":23},"end":{"line":39,"column":24}},"loc":{"start":{"line":39,"column":37},"end":{"line":50,"column":5}},"line":39},"6":{"name":"(anonymous_6)","decl":{"start":{"line":44,"column":26},"end":{"line":44,"column":27}},"loc":{"start":{"line":44,"column":32},"end":{"line":48,"column":9}},"line":44}},"branchMap":{"0":{"loc":{"start":{"line":15,"column":8},"end":{"line":15,"column":69}},"type":"binary-expr","locations":[{"start":{"line":15,"column":8},"end":{"line":15,"column":36}},{"start":{"line":15,"column":40},"end":{"line":15,"column":69}}],"line":15},"1":{"loc":{"start":{"line":42,"column":21},"end":{"line":42,"column":73}},"type":"cond-expr","locations":[{"start":{"line":42,"column":33},"end":{"line":42,"column":68}},{"start":{"line":42,"column":71},"end":{"line":42,"column":73}}],"line":42}},"s":{"0":7,"1":0,"2":0,"3":7,"4":7,"5":7,"6":1,"7":0,"8":0,"9":0,"10":0,"11":0,"12":0,"13":3,"14":3},"f":{"0":7,"1":0,"2":7,"3":7,"4":1,"5":0,"6":0},"b":{"0":[0,0],"1":[0,0]},"_coverageSchema":"332fd63041d2c1bcb487cc26dd0d5f7d97098a6c","hash":"57577b19a15c94be6b9201ae1514afcf5e5f1aee"}
,"C:\\Users\\parshanapally\\Desktop\\projects\\Reddit-Humor-v2\\src\\components\\DisplayImage\\connectedDisplayImage.js": {"path":"C:\\Users\\parshanapally\\Desktop\\projects\\Reddit-Humor-v2\\src\\components\\DisplayImage\\connectedDisplayImage.js","statementMap":{"0":{"start":{"line":5,"column":24},"end":{"line":11,"column":1}},"1":{"start":{"line":6,"column":2},"end":{"line":10,"column":3}},"2":{"start":{"line":13,"column":27},"end":{"line":17,"column":1}},"3":{"start":{"line":14,"column":2},"end":{"line":16,"column":3}},"4":{"start":{"line":15,"column":21},"end":{"line":15,"column":53}}},"fnMap":{"0":{"name":"(anonymous_0)","decl":{"start":{"line":5,"column":24},"end":{"line":5,"column":25}},"loc":{"start":{"line":5,"column":37},"end":{"line":11,"column":1}},"line":5},"1":{"name":"(anonymous_1)","decl":{"start":{"line":13,"column":27},"end":{"line":13,"column":28}},"loc":{"start":{"line":13,"column":41},"end":{"line":17,"column":1}},"line":13},"2":{"name":"(anonymous_2)","decl":{"start":{"line":15,"column":10},"end":{"line":15,"column":11}},"loc":{"start":{"line":15,"column":21},"end":{"line":15,"column":53}},"line":15}},"branchMap":{},"s":{"0":4,"1":3,"2":4,"3":3,"4":0},"f":{"0":3,"1":3,"2":0},"b":{},"_coverageSchema":"332fd63041d2c1bcb487cc26dd0d5f7d97098a6c","hash":"1ecf77fddafe91d38a53aaab592bf9d9871988b2"}
,"C:\\Users\\parshanapally\\Desktop\\projects\\Reddit-Humor-v2\\src\\components\\DisplayImage\\displayImage.js": {"path":"C:\\Users\\parshanapally\\Desktop\\projects\\Reddit-Humor-v2\\src\\components\\DisplayImage\\displayImage.js","statementMap":{"0":{"start":{"line":4,"column":14},"end":{"line":7,"column":1}},"1":{"start":{"line":5,"column":23},"end":{"line":5,"column":50}},"2":{"start":{"line":6,"column":2},"end":{"line":6,"column":74}},"3":{"start":{"line":9,"column":21},"end":{"line":20,"column":1}},"4":{"start":{"line":10,"column":2},"end":{"line":19,"column":3}},"5":{"start":{"line":22,"column":0},"end":{"line":29,"column":1}},"6":{"start":{"line":31,"column":0},"end":{"line":37,"column":1}}},"fnMap":{"0":{"name":"(anonymous_0)","decl":{"start":{"line":4,"column":14},"end":{"line":4,"column":15}},"loc":{"start":{"line":4,"column":23},"end":{"line":7,"column":1}},"line":4},"1":{"name":"(anonymous_1)","decl":{"start":{"line":9,"column":21},"end":{"line":9,"column":22}},"loc":{"start":{"line":9,"column":30},"end":{"line":20,"column":1}},"line":9},"2":{"name":"(anonymous_2)","decl":{"start":{"line":23,"column":8},"end":{"line":23,"column":9}},"loc":{"start":{"line":23,"column":14},"end":{"line":23,"column":16}},"line":23}},"branchMap":{"0":{"loc":{"start":{"line":6,"column":19},"end":{"line":6,"column":51}},"type":"binary-expr","locations":[{"start":{"line":6,"column":19},"end":{"line":6,"column":31}},{"start":{"line":6,"column":35},"end":{"line":6,"column":51}}],"line":6},"1":{"loc":{"start":{"line":13,"column":9},"end":{"line":13,"column":73}},"type":"binary-expr","locations":[{"start":{"line":13,"column":9},"end":{"line":13,"column":36}},{"start":{"line":13,"column":40},"end":{"line":13,"column":73}}],"line":13}},"s":{"0":5,"1":2,"2":2,"3":5,"4":2,"5":5,"6":5},"f":{"0":2,"1":2,"2":0},"b":{"0":[2,2],"1":[2,2]},"_coverageSchema":"332fd63041d2c1bcb487cc26dd0d5f7d97098a6c","hash":"f79825b7caee2829e9f9a86a1b838ab62b23035f"}
,"C:\\Users\\parshanapally\\Desktop\\projects\\Reddit-Humor-v2\\src\\reducers\\humor.js": {"path":"C:\\Users\\parshanapally\\Desktop\\projects\\Reddit-Humor-v2\\src\\reducers\\humor.js","statementMap":{"0":{"start":{"line":3,"column":28},"end":{"line":11,"column":1}},"1":{"start":{"line":13,"column":25},"end":{"line":24,"column":1}},"2":{"start":{"line":15,"column":18},"end":{"line":15,"column":53}},"3":{"start":{"line":16,"column":17},"end":{"line":16,"column":50}},"4":{"start":{"line":18,"column":19},"end":{"line":18,"column":74}},"5":{"start":{"line":18,"column":58},"end":{"line":18,"column":73}},"6":{"start":{"line":20,"column":24},"end":{"line":20,"column":44}},"7":{"start":{"line":22,"column":4},"end":{"line":22,"column":55}},"8":{"start":{"line":26,"column":31},"end":{"line":26,"column":71}},"9":{"start":{"line":26,"column":48},"end":{"line":26,"column":70}},"10":{"start":{"line":28,"column":29},"end":{"line":34,"column":1}},"11":{"start":{"line":30,"column":21},"end":{"line":30,"column":40}},"12":{"start":{"line":31,"column":18},"end":{"line":31,"column":50}},"13":{"start":{"line":33,"column":4},"end":{"line":33,"column":28}},"14":{"start":{"line":36,"column":23},"end":{"line":41,"column":1}},"15":{"start":{"line":37,"column":17},"end":{"line":37,"column":32}},"16":{"start":{"line":38,"column":4},"end":{"line":38,"column":19}},"17":{"start":{"line":39,"column":17},"end":{"line":39,"column":62}},"18":{"start":{"line":39,"column":46},"end":{"line":39,"column":61}},"19":{"start":{"line":40,"column":4},"end":{"line":40,"column":35}},"20":{"start":{"line":43,"column":28},"end":{"line":57,"column":1}},"21":{"start":{"line":45,"column":27},"end":{"line":52,"column":5}},"22":{"start":{"line":54,"column":20},"end":{"line":54,"column":47}},"23":{"start":{"line":55,"column":4},"end":{"line":55,"column":51}}},"fnMap":{"0":{"name":"(anonymous_0)","decl":{"start":{"line":13,"column":25},"end":{"line":13,"column":26}},"loc":{"start":{"line":13,"column":63},"end":{"line":24,"column":1}},"line":13},"1":{"name":"(anonymous_1)","decl":{"start":{"line":18,"column":47},"end":{"line":18,"column":48}},"loc":{"start":{"line":18,"column":58},"end":{"line":18,"column":73}},"line":18},"2":{"name":"(anonymous_2)","decl":{"start":{"line":26,"column":31},"end":{"line":26,"column":32}},"loc":{"start":{"line":26,"column":48},"end":{"line":26,"column":70}},"line":26},"3":{"name":"(anonymous_3)","decl":{"start":{"line":28,"column":29},"end":{"line":28,"column":30}},"loc":{"start":{"line":28,"column":46},"end":{"line":34,"column":1}},"line":28},"4":{"name":"(anonymous_4)","decl":{"start":{"line":36,"column":23},"end":{"line":36,"column":24}},"loc":{"start":{"line":36,"column":40},"end":{"line":41,"column":1}},"line":36},"5":{"name":"(anonymous_5)","decl":{"start":{"line":39,"column":37},"end":{"line":39,"column":38}},"loc":{"start":{"line":39,"column":46},"end":{"line":39,"column":61}},"line":39},"6":{"name":"(anonymous_6)","decl":{"start":{"line":43,"column":28},"end":{"line":43,"column":29}},"loc":{"start":{"line":43,"column":62},"end":{"line":57,"column":1}},"line":43}},"branchMap":{"0":{"loc":{"start":{"line":13,"column":26},"end":{"line":13,"column":46}},"type":"default-arg","locations":[{"start":{"line":13,"column":34},"end":{"line":13,"column":46}}],"line":13},"1":{"loc":{"start":{"line":43,"column":29},"end":{"line":43,"column":49}},"type":"default-arg","locations":[{"start":{"line":43,"column":37},"end":{"line":43,"column":49}}],"line":43},"2":{"loc":{"start":{"line":55,"column":11},"end":{"line":55,"column":51}},"type":"cond-expr","locations":[{"start":{"line":55,"column":21},"end":{"line":55,"column":43}},{"start":{"line":55,"column":46},"end":{"line":55,"column":51}}],"line":55}},"s":{"0":2,"1":2,"2":2,"3":2,"4":2,"5":6,"6":2,"7":2,"8":2,"9":1,"10":2,"11":1,"12":1,"13":1,"14":2,"15":1,"16":1,"17":1,"18":0,"19":1,"20":2,"21":7,"22":7,"23":7},"f":{"0":2,"1":6,"2":1,"3":1,"4":1,"5":0,"6":7},"b":{"0":[0],"1":[5],"2":[5,2]},"_coverageSchema":"332fd63041d2c1bcb487cc26dd0d5f7d97098a6c","hash":"f23e2f30b4df03320dd99380d5d8d9b6be872c50"}
,"C:\\Users\\parshanapally\\Desktop\\projects\\Reddit-Humor-v2\\src\\reducers\\index.js": {"path":"C:\\Users\\parshanapally\\Desktop\\projects\\Reddit-Humor-v2\\src\\reducers\\index.js","statementMap":{"0":{"start":{"line":1,"column":0},"end":{"line":null,"column":-1}},"1":{"start":{"line":2,"column":0},"end":{"line":null,"column":-1}}},"fnMap":{},"branchMap":{},"s":{"0":0,"1":0},"f":{},"b":{}}
,"C:\\Users\\parshanapally\\Desktop\\projects\\Reddit-Humor-v2\\src\\utils\\fetchProgrammerHumor.js": {"path":"C:\\Users\\parshanapally\\Desktop\\projects\\Reddit-Humor-v2\\src\\utils\\fetchProgrammerHumor.js","statementMap":{"0":{"start":{"line":3,"column":19},"end":{"line":3,"column":82}},"1":{"start":{"line":5,"column":36},"end":{"line":20,"column":1}},"2":{"start":{"line":7,"column":4},"end":{"line":18,"column":5}},"3":{"start":{"line":9,"column":25},"end":{"line":9,"column":41}},"4":{"start":{"line":10,"column":21},"end":{"line":10,"column":42}},"5":{"start":{"line":12,"column":8},"end":{"line":12,"column":19}},"6":{"start":{"line":16,"column":8},"end":{"line":16,"column":34}}},"fnMap":{"0":{"name":"(anonymous_0)","decl":{"start":{"line":5,"column":36},"end":{"line":5,"column":37}},"loc":{"start":{"line":5,"column":48},"end":{"line":20,"column":1}},"line":5}},"branchMap":{},"s":{"0":7,"1":7,"2":4,"3":4,"4":3,"5":3,"6":1},"f":{"0":4},"b":{},"_coverageSchema":"332fd63041d2c1bcb487cc26dd0d5f7d97098a6c","hash":"e0784c3952099dd8a13c5f098c48d72d2e0619a9"}
,"C:\\Users\\parshanapally\\Desktop\\projects\\Reddit-Humor-v2\\src\\utils\\getNextIndex.js": {"path":"C:\\Users\\parshanapally\\Desktop\\projects\\Reddit-Humor-v2\\src\\utils\\getNextIndex.js","statementMap":{"0":{"start":{"line":1,"column":28},"end":{"line":7,"column":1}},"1":{"start":{"line":2,"column":21},"end":{"line":2,"column":38}},"2":{"start":{"line":3,"column":22},"end":{"line":3,"column":62}},"3":{"start":{"line":5,"column":4},"end":{"line":5,"column":62}}},"fnMap":{"0":{"name":"(anonymous_0)","decl":{"start":{"line":1,"column":28},"end":{"line":1,"column":29}},"loc":{"start":{"line":1,"column":49},"end":{"line":7,"column":1}},"line":1}},"branchMap":{"0":{"loc":{"start":{"line":3,"column":22},"end":{"line":3,"column":62}},"type":"cond-expr","locations":[{"start":{"line":3,"column":47},"end":{"line":3,"column":48}},{"start":{"line":3,"column":51},"end":{"line":3,"column":62}}],"line":3},"1":{"loc":{"start":{"line":5,"column":11},"end":{"line":5,"column":62}},"type":"cond-expr","locations":[{"start":{"line":5,"column":36},"end":{"line":5,"column":50}},{"start":{"line":5,"column":53},"end":{"line":5,"column":62}}],"line":5}},"s":{"0":3,"1":0,"2":0,"3":0},"f":{"0":0},"b":{"0":[0,0],"1":[0,0]},"_coverageSchema":"332fd63041d2c1bcb487cc26dd0d5f7d97098a6c","hash":"2b09ae6ae04e508b2345f2db85d8050bdb6306f4"}
,"C:\\Users\\parshanapally\\Desktop\\projects\\Reddit-Humor-v2\\src\\utils\\gifDuration.js": {"path":"C:\\Users\\parshanapally\\Desktop\\projects\\Reddit-Humor-v2\\src\\utils\\gifDuration.js","statementMap":{"0":{"start":{"line":4,"column":17},"end":{"line":4,"column":33}},"1":{"start":{"line":5,"column":19},"end":{"line":5,"column":43}},"2":{"start":{"line":6,"column":32},"end":{"line":6,"column":61}},"3":{"start":{"line":7,"column":4},"end":{"line":7,"column":58}}},"fnMap":{"0":{"name":"getGifDuration","decl":{"start":{"line":3,"column":22},"end":{"line":3,"column":36}},"loc":{"start":{"line":3,"column":42},"end":{"line":8,"column":1}},"line":3}},"branchMap":{},"s":{"0":0,"1":0,"2":0,"3":0},"f":{"0":0},"b":{},"_coverageSchema":"332fd63041d2c1bcb487cc26dd0d5f7d97098a6c","hash":"761ef51e591a2a9cabddf0ab8e487bd5c0a23d9f"}
,"C:\\Users\\parshanapally\\Desktop\\projects\\Reddit-Humor-v2\\src\\utils\\parseUtils.js": {"path":"C:\\Users\\parshanapally\\Desktop\\projects\\Reddit-Humor-v2\\src\\utils\\parseUtils.js","statementMap":{"0":{"start":{"line":2,"column":24},"end":{"line":2,"column":84}},"1":{"start":{"line":2,"column":38},"end":{"line":2,"column":84}},"2":{"start":{"line":4,"column":20},"end":{"line":10,"column":1}},"3":{"start":{"line":6,"column":17},"end":{"line":6,"column":27}},"4":{"start":{"line":7,"column":4},"end":{"line":7,"column":60}},"5":{"start":{"line":7,"column":44},"end":{"line":7,"column":60}},"6":{"start":{"line":8,"column":4},"end":{"line":8,"column":16}},"7":{"start":{"line":12,"column":23},"end":{"line":12,"column":60}},"8":{"start":{"line":12,"column":33},"end":{"line":12,"column":60}},"9":{"start":{"line":13,"column":26},"end":{"line":13,"column":64}},"10":{"start":{"line":13,"column":36},"end":{"line":13,"column":64}},"11":{"start":{"line":14,"column":21},"end":{"line":14,"column":38}},"12":{"start":{"line":14,"column":31},"end":{"line":14,"column":38}},"13":{"start":{"line":15,"column":24},"end":{"line":15,"column":44}},"14":{"start":{"line":15,"column":34},"end":{"line":15,"column":44}},"15":{"start":{"line":16,"column":21},"end":{"line":16,"column":112}},"16":{"start":{"line":16,"column":31},"end":{"line":16,"column":112}},"17":{"start":{"line":17,"column":22},"end":{"line":21,"column":1}},"18":{"start":{"line":18,"column":4},"end":{"line":20,"column":90}},"19":{"start":{"line":23,"column":32},"end":{"line":23,"column":121}},"20":{"start":{"line":23,"column":43},"end":{"line":23,"column":120}},"21":{"start":{"line":25,"column":31},"end":{"line":45,"column":1}},"22":{"start":{"line":26,"column":19},"end":{"line":26,"column":21}},"23":{"start":{"line":27,"column":18},"end":{"line":27,"column":20}},"24":{"start":{"line":28,"column":17},"end":{"line":28,"column":19}},"25":{"start":{"line":29,"column":24},"end":{"line":29,"column":26}},"26":{"start":{"line":31,"column":4},"end":{"line":41,"column":6}},"27":{"start":{"line":33,"column":26},"end":{"line":33,"column":48}},"28":{"start":{"line":34,"column":8},"end":{"line":34,"column":30}},"29":{"start":{"line":36,"column":21},"end":{"line":36,"column":30}},"30":{"start":{"line":37,"column":8},"end":{"line":37,"column":21}},"31":{"start":{"line":38,"column":8},"end":{"line":38,"column":24}},"32":{"start":{"line":39,"column":8},"end":{"line":39,"column":27}},"33":{"start":{"line":43,"column":4},"end":{"line":43,"column":45}}},"fnMap":{"0":{"name":"(anonymous_0)","decl":{"start":{"line":2,"column":24},"end":{"line":2,"column":25}},"loc":{"start":{"line":2,"column":38},"end":{"line":2,"column":84}},"line":2},"1":{"name":"(anonymous_1)","decl":{"start":{"line":4,"column":20},"end":{"line":4,"column":21}},"loc":{"start":{"line":4,"column":38},"end":{"line":10,"column":1}},"line":4},"2":{"name":"(anonymous_2)","decl":{"start":{"line":12,"column":23},"end":{"line":12,"column":24}},"loc":{"start":{"line":12,"column":33},"end":{"line":12,"column":60}},"line":12},"3":{"name":"(anonymous_3)","decl":{"start":{"line":13,"column":26},"end":{"line":13,"column":27}},"loc":{"start":{"line":13,"column":36},"end":{"line":13,"column":64}},"line":13},"4":{"name":"(anonymous_4)","decl":{"start":{"line":14,"column":21},"end":{"line":14,"column":22}},"loc":{"start":{"line":14,"column":31},"end":{"line":14,"column":38}},"line":14},"5":{"name":"(anonymous_5)","decl":{"start":{"line":15,"column":24},"end":{"line":15,"column":25}},"loc":{"start":{"line":15,"column":34},"end":{"line":15,"column":44}},"line":15},"6":{"name":"(anonymous_6)","decl":{"start":{"line":16,"column":21},"end":{"line":16,"column":22}},"loc":{"start":{"line":16,"column":31},"end":{"line":16,"column":112}},"line":16},"7":{"name":"(anonymous_7)","decl":{"start":{"line":17,"column":22},"end":{"line":17,"column":23}},"loc":{"start":{"line":18,"column":4},"end":{"line":20,"column":90}},"line":18},"8":{"name":"(anonymous_8)","decl":{"start":{"line":23,"column":32},"end":{"line":23,"column":33}},"loc":{"start":{"line":23,"column":43},"end":{"line":23,"column":120}},"line":23},"9":{"name":"(anonymous_9)","decl":{"start":{"line":25,"column":31},"end":{"line":25,"column":32}},"loc":{"start":{"line":25,"column":42},"end":{"line":45,"column":1}},"line":25},"10":{"name":"(anonymous_10)","decl":{"start":{"line":31,"column":18},"end":{"line":31,"column":19}},"loc":{"start":{"line":31,"column":28},"end":{"line":41,"column":5}},"line":31}},"branchMap":{"0":{"loc":{"start":{"line":7,"column":4},"end":{"line":7,"column":60}},"type":"if","locations":[{"start":{"line":7,"column":4},"end":{"line":7,"column":60}},{"start":{"line":7,"column":4},"end":{"line":7,"column":60}}],"line":7},"1":{"loc":{"start":{"line":7,"column":8},"end":{"line":7,"column":42}},"type":"binary-expr","locations":[{"start":{"line":7,"column":8},"end":{"line":7,"column":25}},{"start":{"line":7,"column":29},"end":{"line":7,"column":42}}],"line":7},"2":{"loc":{"start":{"line":12,"column":33},"end":{"line":12,"column":60}},"type":"cond-expr","locations":[{"start":{"line":12,"column":48},"end":{"line":12,"column":52}},{"start":{"line":12,"column":55},"end":{"line":12,"column":60}}],"line":12},"3":{"loc":{"start":{"line":13,"column":36},"end":{"line":13,"column":64}},"type":"cond-expr","locations":[{"start":{"line":13,"column":52},"end":{"line":13,"column":56}},{"start":{"line":13,"column":59},"end":{"line":13,"column":64}}],"line":13},"4":{"loc":{"start":{"line":16,"column":31},"end":{"line":16,"column":112}},"type":"cond-expr","locations":[{"start":{"line":16,"column":100},"end":{"line":16,"column":104}},{"start":{"line":16,"column":107},"end":{"line":16,"column":112}}],"line":16},"5":{"loc":{"start":{"line":16,"column":31},"end":{"line":16,"column":97}},"type":"binary-expr","locations":[{"start":{"line":16,"column":31},"end":{"line":16,"column":43}},{"start":{"line":16,"column":47},"end":{"line":16,"column":68}},{"start":{"line":16,"column":72},"end":{"line":16,"column":97}}],"line":16},"6":{"loc":{"start":{"line":18,"column":4},"end":{"line":20,"column":90}},"type":"cond-expr","locations":[{"start":{"line":19,"column":6},"end":{"line":19,"column":42}},{"start":{"line":20,"column":6},"end":{"line":20,"column":90}}],"line":18}},"s":{"0":7,"1":7,"2":7,"3":182,"4":182,"5":175,"6":182,"7":7,"8":177,"9":7,"10":184,"11":7,"12":55,"13":7,"14":55,"15":7,"16":112,"17":7,"18":56,"19":7,"20":51,"21":7,"22":3,"23":3,"24":3,"25":3,"26":3,"27":51,"28":51,"29":51,"30":51,"31":51,"32":51,"33":3},"f":{"0":7,"1":182,"2":177,"3":184,"4":55,"5":55,"6":112,"7":56,"8":51,"9":3,"10":51},"b":{"0":[175,7],"1":[182,175],"2":[176,1],"3":[8,176],"4":[8,104],"5":[112,112,9],"6":[4,52]},"_coverageSchema":"332fd63041d2c1bcb487cc26dd0d5f7d97098a6c","hash":"5aaa3781bd2fdc531d983a499ba8f05ebe37eee0"}
,"C:\\Users\\parshanapally\\Desktop\\projects\\Reddit-Humor-v2\\src\\utils\\postToSlack.js": {"path":"C:\\Users\\parshanapally\\Desktop\\projects\\Reddit-Humor-v2\\src\\utils\\postToSlack.js","statementMap":{"0":{"start":{"line":2,"column":2},"end":{"line":2,"column":81}},"1":{"start":{"line":4,"column":15},"end":{"line":4,"column":17}},"2":{"start":{"line":11,"column":18},"end":{"line":21,"column":3}},"3":{"start":{"line":23,"column":2},"end":{"line":31,"column":3}},"4":{"start":{"line":24,"column":4},"end":{"line":24,"column":53}},"5":{"start":{"line":26,"column":4},"end":{"line":26,"column":25}},"6":{"start":{"line":27,"column":4},"end":{"line":30,"column":7}}},"fnMap":{"0":{"name":"sendToSlack","decl":{"start":{"line":6,"column":24},"end":{"line":6,"column":35}},"loc":{"start":{"line":10,"column":2},"end":{"line":32,"column":1}},"line":10}},"branchMap":{"0":{"loc":{"start":{"line":7,"column":2},"end":{"line":7,"column":25}},"type":"default-arg","locations":[{"start":{"line":7,"column":12},"end":{"line":7,"column":25}}],"line":7},"1":{"loc":{"start":{"line":8,"column":2},"end":{"line":8,"column":73}},"type":"default-arg","locations":[{"start":{"line":8,"column":13},"end":{"line":8,"column":73}}],"line":8},"2":{"loc":{"start":{"line":23,"column":2},"end":{"line":31,"column":3}},"type":"if","locations":[{"start":{"line":23,"column":2},"end":{"line":31,"column":3}},{"start":{"line":23,"column":2},"end":{"line":31,"column":3}}],"line":23}},"s":{"0":5,"1":5,"2":3,"3":3,"4":0,"5":3,"6":3},"f":{"0":3},"b":{"0":[0],"1":[0],"2":[0,3]},"_coverageSchema":"332fd63041d2c1bcb487cc26dd0d5f7d97098a6c","hash":"1553d65fc1a31d40c0307162c373bd3a9899a444"}
}
