TN:
SF:C:\Users\parshanapally\Desktop\projects\Reddit-Humor-v2\src\index.js
FN:15,(anonymous_0)
FNF:1
FNH:0
FNDA:0,(anonymous_0)
DA:1,0
DA:2,0
DA:3,0
DA:4,0
DA:5,0
DA:6,0
DA:7,0
DA:8,0
DA:9,0
DA:11,0
DA:15,0
DA:20,0
LF:12
LH:0
BRDA:15,0,0,0
BRDA:15,0,1,0
BRF:2
BRH:0
end_of_record
TN:
SF:C:\Users\parshanapally\Desktop\projects\Reddit-Humor-v2\src\setupTests.js
FNF:0
FNH:0
DA:4,12
LF:1
LH:1
BRF:0
BRH:0
end_of_record
TN:
SF:C:\Users\parshanapally\Desktop\projects\Reddit-Humor-v2\src\actions\actions-list.js
FNF:0
FNH:0
DA:1,7
DA:2,7
DA:3,7
DA:4,7
LF:4
LH:4
BRF:0
BRH:0
end_of_record
TN:
SF:C:\Users\parshanapally\Desktop\projects\Reddit-Humor-v2\src\actions\humor.js
FN:5,(anonymous_0)
FN:5,(anonymous_1)
FN:15,(anonymous_2)
FN:16,(anonymous_3)
FN:17,(anonymous_4)
FN:18,(anonymous_5)
FNF:6
FNH:6
FNDA:1,(anonymous_0)
FNDA:1,(anonymous_1)
FNDA:5,(anonymous_2)
FNDA:2,(anonymous_3)
FNDA:2,(anonymous_4)
FNDA:2,(anonymous_5)
DA:5,6
DA:7,1
DA:8,1
DA:9,1
DA:10,1
DA:11,1
DA:15,6
DA:16,6
DA:17,6
DA:18,6
LF:10
LH:10
BRF:0
BRH:0
end_of_record
TN:
SF:C:\Users\parshanapally\Desktop\projects\Reddit-Humor-v2\src\components\App\App.js
FN:8,(anonymous_0)
FNF:1
FNH:1
FNDA:2,(anonymous_0)
DA:9,2
LF:1
LH:1
BRF:0
BRH:0
end_of_record
TN:
SF:C:\Users\parshanapally\Desktop\projects\Reddit-Humor-v2\src\components\Buttons\buttons.js
FN:7,(anonymous_0)
FN:17,(anonymous_1)
FN:22,(anonymous_2)
FN:31,(anonymous_3)
FN:39,(anonymous_4)
FN:46,(anonymous_5)
FN:54,(anonymous_6)
FN:55,(anonymous_7)
FN:56,(anonymous_8)
FN:57,(anonymous_9)
FN:58,(anonymous_10)
FNF:11
FNH:3
FNDA:6,(anonymous_0)
FNDA:0,(anonymous_1)
FNDA:1,(anonymous_2)
FNDA:0,(anonymous_3)
FNDA:0,(anonymous_4)
FNDA:1,(anonymous_5)
FNDA:0,(anonymous_6)
FNDA:0,(anonymous_7)
FNDA:0,(anonymous_8)
FNDA:0,(anonymous_9)
FNDA:0,(anonymous_10)
DA:7,4
DA:8,6
DA:10,6
DA:17,0
DA:23,1
DA:24,1
DA:32,0
DA:40,0
DA:46,1
DA:53,4
DA:58,0
DA:61,4
LF:12
LH:8
BRDA:8,0,0,6
BRDA:8,0,1,6
BRDA:25,1,0,0
BRDA:25,1,1,1
BRDA:33,2,0,0
BRDA:33,2,1,0
BRDA:41,3,0,0
BRDA:41,3,1,0
BRF:8
BRH:3
end_of_record
TN:
SF:C:\Users\parshanapally\Desktop\projects\Reddit-Humor-v2\src\components\Buttons\connectedButtons.js
FN:6,(anonymous_0)
FN:8,(anonymous_1)
FN:9,(anonymous_2)
FN:10,(anonymous_3)
FN:11,(anonymous_4)
FN:15,(anonymous_5)
FNF:6
FNH:0
FNDA:0,(anonymous_0)
FNDA:0,(anonymous_1)
FNDA:0,(anonymous_2)
FNDA:0,(anonymous_3)
FNDA:0,(anonymous_4)
FNDA:0,(anonymous_5)
DA:6,3
DA:7,0
DA:8,0
DA:9,0
DA:10,0
DA:11,0
DA:15,3
DA:16,0
LF:8
LH:2
BRF:0
BRH:0
end_of_record
TN:
SF:C:\Users\parshanapally\Desktop\projects\Reddit-Humor-v2\src\components\Display\connectedDisplay.js
FN:5,(anonymous_0)
FNF:1
FNH:1
FNDA:1,(anonymous_0)
DA:5,2
LF:1
LH:1
BRF:0
BRH:0
end_of_record
TN:
SF:C:\Users\parshanapally\Desktop\projects\Reddit-Humor-v2\src\components\Display\display.js
FN:10,(anonymous_0)
FN:14,(anonymous_1)
FN:19,(anonymous_2)
FN:28,(anonymous_3)
FN:32,(anonymous_4)
FN:39,(anonymous_5)
FN:44,(anonymous_6)
FNF:7
FNH:4
FNDA:7,(anonymous_0)
FNDA:0,(anonymous_1)
FNDA:7,(anonymous_2)
FNDA:7,(anonymous_3)
FNDA:1,(anonymous_4)
FNDA:0,(anonymous_5)
FNDA:0,(anonymous_6)
DA:11,7
DA:15,0
DA:16,0
DA:20,7
DA:30,7
DA:32,7
DA:33,1
DA:40,0
DA:41,0
DA:42,0
DA:44,0
DA:45,0
DA:46,0
DA:53,3
DA:58,3
LF:15
LH:7
BRDA:15,0,0,0
BRDA:15,0,1,0
BRDA:42,1,0,0
BRDA:42,1,1,0
BRF:4
BRH:0
end_of_record
TN:
SF:C:\Users\parshanapally\Desktop\projects\Reddit-Humor-v2\src\components\DisplayImage\connectedDisplayImage.js
FN:5,(anonymous_0)
FN:13,(anonymous_1)
FN:15,(anonymous_2)
FNF:3
FNH:2
FNDA:3,(anonymous_0)
FNDA:3,(anonymous_1)
FNDA:0,(anonymous_2)
DA:5,4
DA:6,3
DA:13,4
DA:14,3
DA:15,0
LF:5
LH:4
BRF:0
BRH:0
end_of_record
TN:
SF:C:\Users\parshanapally\Desktop\projects\Reddit-Humor-v2\src\components\DisplayImage\displayImage.js
FN:4,(anonymous_0)
FN:9,(anonymous_1)
FN:23,(anonymous_2)
FNF:3
FNH:2
FNDA:2,(anonymous_0)
FNDA:2,(anonymous_1)
FNDA:0,(anonymous_2)
DA:4,5
DA:5,2
DA:6,2
DA:9,5
DA:10,2
DA:22,5
DA:31,5
LF:7
LH:7
BRDA:6,0,0,2
BRDA:6,0,1,2
BRDA:13,1,0,2
BRDA:13,1,1,2
BRF:4
BRH:4
end_of_record
TN:
SF:C:\Users\parshanapally\Desktop\projects\Reddit-Humor-v2\src\reducers\humor.js
FN:13,(anonymous_0)
FN:18,(anonymous_1)
FN:26,(anonymous_2)
FN:28,(anonymous_3)
FN:36,(anonymous_4)
FN:39,(anonymous_5)
FN:43,(anonymous_6)
FNF:7
FNH:6
FNDA:2,(anonymous_0)
FNDA:6,(anonymous_1)
FNDA:1,(anonymous_2)
FNDA:1,(anonymous_3)
FNDA:1,(anonymous_4)
FNDA:0,(anonymous_5)
FNDA:7,(anonymous_6)
DA:3,2
DA:13,2
DA:15,2
DA:16,2
DA:18,6
DA:20,2
DA:22,2
DA:26,2
DA:28,2
DA:30,1
DA:31,1
DA:33,1
DA:36,2
DA:37,1
DA:38,1
DA:39,1
DA:40,1
DA:43,2
DA:45,7
DA:54,7
DA:55,7
LF:21
LH:21
BRDA:13,0,0,0
BRDA:43,1,0,5
BRDA:55,2,0,5
BRDA:55,2,1,2
BRF:4
BRH:3
end_of_record
TN:
SF:C:\Users\parshanapally\Desktop\projects\Reddit-Humor-v2\src\reducers\index.js
FNF:0
FNH:0
DA:1,0
DA:2,0
LF:2
LH:0
BRF:0
BRH:0
end_of_record
TN:
SF:C:\Users\parshanapally\Desktop\projects\Reddit-Humor-v2\src\utils\fetchProgrammerHumor.js
FN:5,(anonymous_0)
FNF:1
FNH:1
FNDA:4,(anonymous_0)
DA:3,7
DA:5,7
DA:7,4
DA:9,4
DA:10,3
DA:12,3
DA:16,1
LF:7
LH:7
BRF:0
BRH:0
end_of_record
TN:
SF:C:\Users\parshanapally\Desktop\projects\Reddit-Humor-v2\src\utils\getNextIndex.js
FN:1,(anonymous_0)
FNF:1
FNH:0
FNDA:0,(anonymous_0)
DA:1,3
DA:2,0
DA:3,0
DA:5,0
LF:4
LH:1
BRDA:3,0,0,0
BRDA:3,0,1,0
BRDA:5,1,0,0
BRDA:5,1,1,0
BRF:4
BRH:0
end_of_record
TN:
SF:C:\Users\parshanapally\Desktop\projects\Reddit-Humor-v2\src\utils\gifDuration.js
FN:3,getGifDuration
FNF:1
FNH:0
FNDA:0,getGifDuration
DA:4,0
DA:5,0
DA:6,0
DA:7,0
LF:4
LH:0
BRF:0
BRH:0
end_of_record
TN:
SF:C:\Users\parshanapally\Desktop\projects\Reddit-Humor-v2\src\utils\parseUtils.js
FN:2,(anonymous_0)
FN:4,(anonymous_1)
FN:12,(anonymous_2)
FN:13,(anonymous_3)
FN:14,(anonymous_4)
FN:15,(anonymous_5)
FN:16,(anonymous_6)
FN:17,(anonymous_7)
FN:23,(anonymous_8)
FN:25,(anonymous_9)
FN:31,(anonymous_10)
FNF:11
FNH:11
FNDA:7,(anonymous_0)
FNDA:182,(anonymous_1)
FNDA:177,(anonymous_2)
FNDA:184,(anonymous_3)
FNDA:55,(anonymous_4)
FNDA:55,(anonymous_5)
FNDA:112,(anonymous_6)
FNDA:56,(anonymous_7)
FNDA:51,(anonymous_8)
FNDA:3,(anonymous_9)
FNDA:51,(anonymous_10)
DA:2,7
DA:4,7
DA:6,182
DA:7,182
DA:8,182
DA:12,177
DA:13,184
DA:14,55
DA:15,55
DA:16,112
DA:17,7
DA:18,56
DA:23,51
DA:25,7
DA:26,3
DA:27,3
DA:28,3
DA:29,3
DA:31,3
DA:33,51
DA:34,51
DA:36,51
DA:37,51
DA:38,51
DA:39,51
DA:43,3
LF:26
LH:26
BRDA:7,0,0,175
BRDA:7,0,1,7
BRDA:7,1,0,182
BRDA:7,1,1,175
BRDA:12,2,0,176
BRDA:12,2,1,1
BRDA:13,3,0,8
BRDA:13,3,1,176
BRDA:16,4,0,8
BRDA:16,4,1,104
BRDA:16,5,0,112
BRDA:16,5,1,112
BRDA:16,5,2,9
BRDA:18,6,0,4
BRDA:18,6,1,52
BRF:15
BRH:15
end_of_record
TN:
SF:C:\Users\parshanapally\Desktop\projects\Reddit-Humor-v2\src\utils\postToSlack.js
FN:6,sendToSlack
FNF:1
FNH:1
FNDA:3,sendToSlack
DA:2,5
DA:4,5
DA:11,3
DA:23,3
DA:24,0
DA:26,3
DA:27,3
LF:7
LH:6
BRDA:7,0,0,0
BRDA:8,1,0,0
BRDA:23,2,0,0
BRDA:23,2,1,3
BRF:4
BRH:1
end_of_record
